Create.
Opening 'am_hal_gcc'.
Refreshing '/am_hal_gcc'.
21:23:30 **** Clean-only build of configuration bin for project am_hal_gcc ****
rm -f source_files/am_hal_global.o libam_hal_gcc.a source_files/am_hal_pdm.o source_files/am_hal_tpiu.d source_files/am_hal_sysctrl.o source_files/am_hal_debug.o source_files/am_hal_adc.d source_files/am_hal_stimer.d source_files/am_hal_tpiu.o source_files/am_hal_uart.o source_files/am_hal_reset.o source_files/am_hal_pdm.d source_files/am_hal_ttp.o source_files/am_hal_uart.d source_files/am_hal_sysctrl.d source_files/am_hal_debug.d source_files/am_hal_reset.d source_files/am_hal_clkgen.d source_files/am_hal_stimer.o source_files/am_hal_ctimer.o source_files/am_hal_queue.d source_files/am_hal_clkgen.o source_files/am_hal_queue.o source_files/am_hal_ttp.d source_files/am_hal_global.d source_files/am_hal_i2c_bit_bang.d source_files/am_hal_flash.d source_files/am_hal_ctimer.d source_files/am_hal_i2c_bit_bang.o source_files/am_hal_systick.o source_files/am_hal_pwrctrl.d source_files/am_hal_interrupt.d source_files/am_hal_systick.d source_files/am_hal_adc.o source_files/am_hal_gpio.o source_files/am_hal_rtc.d source_files/am_hal_flash.o source_files/am_hal_itm.d source_files/am_hal_itm.o source_files/am_hal_interrupt.o source_files/am_hal_gpio.d source_files/am_hal_rtc.o source_files/am_hal_otp.d source_files/am_hal_ios.o source_files/am_hal_iom.o source_files/am_hal_pwrctrl.o source_files/am_hal_wdt.o source_files/am_hal_mcuctrl.o source_files/am_hal_cachectrl.o source_files/am_hal_iom.d source_files/am_hal_wdt.d source_files/am_hal_vcomp.d source_files/am_hal_cachectrl.d source_files/am_hal_ios.d source_files/am_hal_vcomp.o source_files/am_hal_mcuctrl.d source_files/am_hal_otp.o 

21:23:31 Build Finished (took 277ms)

21:23:31 **** Rebuild of configuration bin for project am_hal_gcc ****
Info: Internal Builder is used for build
arm-atollic-eabi-gcc -c ..\..\am_hal_reset.c -mthumb -mcpu=cortex-m4 -std=c99 -DAM_DEBUG_ASSERT -DAM_ASSERT_INVALID_THRESHOLD=0 -DAM_PART_APOLLO2 -IC:/jenkins/jobs/ambiqsuite-checkout/workspace/mcu/apollo2/hal/atollic_gcc/../../../../mcu/apollo2 -IC:/jenkins/jobs/ambiqsuite-checkout/workspace/mcu/apollo2/hal/atollic_gcc/../../../../utils -O3 -ffunction-sections -fdata-sections -g -Wall -mthumb -mcpu=cortex-m4 -mfpu=fpv4-sp-d16 -mfloat-abi=softfp -ffunction-sections -fdata-sections -MMD -MP -O3 -funroll-loops -o source_files\am_hal_reset.o 
arm-atollic-eabi-gcc -c ..\..\am_hal_mcuctrl.c -mthumb -mcpu=cortex-m4 -std=c99 -DAM_DEBUG_ASSERT -DAM_ASSERT_INVALID_THRESHOLD=0 -DAM_PART_APOLLO2 -IC:/jenkins/jobs/ambiqsuite-checkout/workspace/mcu/apollo2/hal/atollic_gcc/../../../../mcu/apollo2 -IC:/jenkins/jobs/ambiqsuite-checkout/workspace/mcu/apollo2/hal/atollic_gcc/../../../../utils -O3 -ffunction-sections -fdata-sections -g -Wall -mthumb -mcpu=cortex-m4 -mfpu=fpv4-sp-d16 -mfloat-abi=softfp -ffunction-sections -fdata-sections -MMD -MP -O3 -funroll-loops -o source_files\am_hal_mcuctrl.o 
arm-atollic-eabi-gcc -c ..\..\am_hal_otp.c -mthumb -mcpu=cortex-m4 -std=c99 -DAM_DEBUG_ASSERT -DAM_ASSERT_INVALID_THRESHOLD=0 -DAM_PART_APOLLO2 -IC:/jenkins/jobs/ambiqsuite-checkout/workspace/mcu/apollo2/hal/atollic_gcc/../../../../mcu/apollo2 -IC:/jenkins/jobs/ambiqsuite-checkout/workspace/mcu/apollo2/hal/atollic_gcc/../../../../utils -O3 -ffunction-sections -fdata-sections -g -Wall -mthumb -mcpu=cortex-m4 -mfpu=fpv4-sp-d16 -mfloat-abi=softfp -ffunction-sections -fdata-sections -MMD -MP -O3 -funroll-loops -o source_files\am_hal_otp.o 
arm-atollic-eabi-gcc -c ..\..\am_hal_ttp.c -mthumb -mcpu=cortex-m4 -std=c99 -DAM_DEBUG_ASSERT -DAM_ASSERT_INVALID_THRESHOLD=0 -DAM_PART_APOLLO2 -IC:/jenkins/jobs/ambiqsuite-checkout/workspace/mcu/apollo2/hal/atollic_gcc/../../../../mcu/apollo2 -IC:/jenkins/jobs/ambiqsuite-checkout/workspace/mcu/apollo2/hal/atollic_gcc/../../../../utils -O3 -ffunction-sections -fdata-sections -g -Wall -mthumb -mcpu=cortex-m4 -mfpu=fpv4-sp-d16 -mfloat-abi=softfp -ffunction-sections -fdata-sections -MMD -MP -O3 -funroll-loops -o source_files\am_hal_ttp.o 
arm-atollic-eabi-gcc -c ..\..\am_hal_debug.c -mthumb -mcpu=cortex-m4 -std=c99 -DAM_DEBUG_ASSERT -DAM_ASSERT_INVALID_THRESHOLD=0 -DAM_PART_APOLLO2 -IC:/jenkins/jobs/ambiqsuite-checkout/workspace/mcu/apollo2/hal/atollic_gcc/../../../../mcu/apollo2 -IC:/jenkins/jobs/ambiqsuite-checkout/workspace/mcu/apollo2/hal/atollic_gcc/../../../../utils -O3 -ffunction-sections -fdata-sections -g -Wall -mthumb -mcpu=cortex-m4 -mfpu=fpv4-sp-d16 -mfloat-abi=softfp -ffunction-sections -fdata-sections -MMD -MP -O3 -funroll-loops -o source_files\am_hal_debug.o 
arm-atollic-eabi-gcc -c ..\..\am_hal_flash.c -mthumb -mcpu=cortex-m4 -std=c99 -DAM_DEBUG_ASSERT -DAM_ASSERT_INVALID_THRESHOLD=0 -DAM_PART_APOLLO2 -IC:/jenkins/jobs/ambiqsuite-checkout/workspace/mcu/apollo2/hal/atollic_gcc/../../../../mcu/apollo2 -IC:/jenkins/jobs/ambiqsuite-checkout/workspace/mcu/apollo2/hal/atollic_gcc/../../../../utils -O3 -ffunction-sections -fdata-sections -g -Wall -mthumb -mcpu=cortex-m4 -mfpu=fpv4-sp-d16 -mfloat-abi=softfp -ffunction-sections -fdata-sections -MMD -MP -O3 -funroll-loops -o source_files\am_hal_flash.o 
arm-atollic-eabi-gcc -c ..\..\am_hal_ios.c -mthumb -mcpu=cortex-m4 -std=c99 -DAM_DEBUG_ASSERT -DAM_ASSERT_INVALID_THRESHOLD=0 -DAM_PART_APOLLO2 -IC:/jenkins/jobs/ambiqsuite-checkout/workspace/mcu/apollo2/hal/atollic_gcc/../../../../mcu/apollo2 -IC:/jenkins/jobs/ambiqsuite-checkout/workspace/mcu/apollo2/hal/atollic_gcc/../../../../utils -O3 -ffunction-sections -fdata-sections -g -Wall -mthumb -mcpu=cortex-m4 -mfpu=fpv4-sp-d16 -mfloat-abi=softfp -ffunction-sections -fdata-sections -MMD -MP -O3 -funroll-loops -o source_files\am_hal_ios.o 
arm-atollic-eabi-gcc -c ..\..\am_hal_pwrctrl.c -mthumb -mcpu=cortex-m4 -std=c99 -DAM_DEBUG_ASSERT -DAM_ASSERT_INVALID_THRESHOLD=0 -DAM_PART_APOLLO2 -IC:/jenkins/jobs/ambiqsuite-checkout/workspace/mcu/apollo2/hal/atollic_gcc/../../../../mcu/apollo2 -IC:/jenkins/jobs/ambiqsuite-checkout/workspace/mcu/apollo2/hal/atollic_gcc/../../../../utils -O3 -ffunction-sections -fdata-sections -g -Wall -mthumb -mcpu=cortex-m4 -mfpu=fpv4-sp-d16 -mfloat-abi=softfp -ffunction-sections -fdata-sections -MMD -MP -O3 -funroll-loops -o source_files\am_hal_pwrctrl.o 
arm-atollic-eabi-gcc -c ..\..\am_hal_clkgen.c -mthumb -mcpu=cortex-m4 -std=c99 -DAM_DEBUG_ASSERT -DAM_ASSERT_INVALID_THRESHOLD=0 -DAM_PART_APOLLO2 -IC:/jenkins/jobs/ambiqsuite-checkout/workspace/mcu/apollo2/hal/atollic_gcc/../../../../mcu/apollo2 -IC:/jenkins/jobs/ambiqsuite-checkout/workspace/mcu/apollo2/hal/atollic_gcc/../../../../utils -O3 -ffunction-sections -fdata-sections -g -Wall -mthumb -mcpu=cortex-m4 -mfpu=fpv4-sp-d16 -mfloat-abi=softfp -ffunction-sections -fdata-sections -MMD -MP -O3 -funroll-loops -o source_files\am_hal_clkgen.o 
arm-atollic-eabi-gcc -c ..\..\am_hal_itm.c -mthumb -mcpu=cortex-m4 -std=c99 -DAM_DEBUG_ASSERT -DAM_ASSERT_INVALID_THRESHOLD=0 -DAM_PART_APOLLO2 -IC:/jenkins/jobs/ambiqsuite-checkout/workspace/mcu/apollo2/hal/atollic_gcc/../../../../mcu/apollo2 -IC:/jenkins/jobs/ambiqsuite-checkout/workspace/mcu/apollo2/hal/atollic_gcc/../../../../utils -O3 -ffunction-sections -fdata-sections -g -Wall -mthumb -mcpu=cortex-m4 -mfpu=fpv4-sp-d16 -mfloat-abi=softfp -ffunction-sections -fdata-sections -MMD -MP -O3 -funroll-loops -o source_files\am_hal_itm.o 
arm-atollic-eabi-gcc -c ..\..\am_hal_tpiu.c -mthumb -mcpu=cortex-m4 -std=c99 -DAM_DEBUG_ASSERT -DAM_ASSERT_INVALID_THRESHOLD=0 -DAM_PART_APOLLO2 -IC:/jenkins/jobs/ambiqsuite-checkout/workspace/mcu/apollo2/hal/atollic_gcc/../../../../mcu/apollo2 -IC:/jenkins/jobs/ambiqsuite-checkout/workspace/mcu/apollo2/hal/atollic_gcc/../../../../utils -O3 -ffunction-sections -fdata-sections -g -Wall -mthumb -mcpu=cortex-m4 -mfpu=fpv4-sp-d16 -mfloat-abi=softfp -ffunction-sections -fdata-sections -MMD -MP -O3 -funroll-loops -o source_files\am_hal_tpiu.o 
arm-atollic-eabi-gcc -c ..\..\am_hal_vcomp.c -mthumb -mcpu=cortex-m4 -std=c99 -DAM_DEBUG_ASSERT -DAM_ASSERT_INVALID_THRESHOLD=0 -DAM_PART_APOLLO2 -IC:/jenkins/jobs/ambiqsuite-checkout/workspace/mcu/apollo2/hal/atollic_gcc/../../../../mcu/apollo2 -IC:/jenkins/jobs/ambiqsuite-checkout/workspace/mcu/apollo2/hal/atollic_gcc/../../../../utils -O3 -ffunction-sections -fdata-sections -g -Wall -mthumb -mcpu=cortex-m4 -mfpu=fpv4-sp-d16 -mfloat-abi=softfp -ffunction-sections -fdata-sections -MMD -MP -O3 -funroll-loops -o source_files\am_hal_vcomp.o 
arm-atollic-eabi-gcc -c ..\..\am_hal_global.c -mthumb -mcpu=cortex-m4 -std=c99 -DAM_DEBUG_ASSERT -DAM_ASSERT_INVALID_THRESHOLD=0 -DAM_PART_APOLLO2 -IC:/jenkins/jobs/ambiqsuite-checkout/workspace/mcu/apollo2/hal/atollic_gcc/../../../../mcu/apollo2 -IC:/jenkins/jobs/ambiqsuite-checkout/workspace/mcu/apollo2/hal/atollic_gcc/../../../../utils -O3 -ffunction-sections -fdata-sections -g -Wall -mthumb -mcpu=cortex-m4 -mfpu=fpv4-sp-d16 -mfloat-abi=softfp -ffunction-sections -fdata-sections -MMD -MP -O3 -funroll-loops -o source_files\am_hal_global.o 
arm-atollic-eabi-gcc -c ..\..\am_hal_queue.c -mthumb -mcpu=cortex-m4 -std=c99 -DAM_DEBUG_ASSERT -DAM_ASSERT_INVALID_THRESHOLD=0 -DAM_PART_APOLLO2 -IC:/jenkins/jobs/ambiqsuite-checkout/workspace/mcu/apollo2/hal/atollic_gcc/../../../../mcu/apollo2 -IC:/jenkins/jobs/ambiqsuite-checkout/workspace/mcu/apollo2/hal/atollic_gcc/../../../../utils -O3 -ffunction-sections -fdata-sections -g -Wall -mthumb -mcpu=cortex-m4 -mfpu=fpv4-sp-d16 -mfloat-abi=softfp -ffunction-sections -fdata-sections -MMD -MP -O3 -funroll-loops -o source_files\am_hal_queue.o 
arm-atollic-eabi-gcc -c ..\..\am_hal_adc.c -mthumb -mcpu=cortex-m4 -std=c99 -DAM_DEBUG_ASSERT -DAM_ASSERT_INVALID_THRESHOLD=0 -DAM_PART_APOLLO2 -IC:/jenkins/jobs/ambiqsuite-checkout/workspace/mcu/apollo2/hal/atollic_gcc/../../../../mcu/apollo2 -IC:/jenkins/jobs/ambiqsuite-checkout/workspace/mcu/apollo2/hal/atollic_gcc/../../../../utils -O3 -ffunction-sections -fdata-sections -g -Wall -mthumb -mcpu=cortex-m4 -mfpu=fpv4-sp-d16 -mfloat-abi=softfp -ffunction-sections -fdata-sections -MMD -MP -O3 -funroll-loops -o source_files\am_hal_adc.o 
arm-atollic-eabi-gcc -c ..\..\am_hal_wdt.c -mthumb -mcpu=cortex-m4 -std=c99 -DAM_DEBUG_ASSERT -DAM_ASSERT_INVALID_THRESHOLD=0 -DAM_PART_APOLLO2 -IC:/jenkins/jobs/ambiqsuite-checkout/workspace/mcu/apollo2/hal/atollic_gcc/../../../../mcu/apollo2 -IC:/jenkins/jobs/ambiqsuite-checkout/workspace/mcu/apollo2/hal/atollic_gcc/../../../../utils -O3 -ffunction-sections -fdata-sections -g -Wall -mthumb -mcpu=cortex-m4 -mfpu=fpv4-sp-d16 -mfloat-abi=softfp -ffunction-sections -fdata-sections -MMD -MP -O3 -funroll-loops -o source_files\am_hal_wdt.o 
arm-atollic-eabi-gcc -c ..\..\am_hal_ctimer.c -mthumb -mcpu=cortex-m4 -std=c99 -DAM_DEBUG_ASSERT -DAM_ASSERT_INVALID_THRESHOLD=0 -DAM_PART_APOLLO2 -IC:/jenkins/jobs/ambiqsuite-checkout/workspace/mcu/apollo2/hal/atollic_gcc/../../../../mcu/apollo2 -IC:/jenkins/jobs/ambiqsuite-checkout/workspace/mcu/apollo2/hal/atollic_gcc/../../../../utils -O3 -ffunction-sections -fdata-sections -g -Wall -mthumb -mcpu=cortex-m4 -mfpu=fpv4-sp-d16 -mfloat-abi=softfp -ffunction-sections -fdata-sections -MMD -MP -O3 -funroll-loops -o source_files\am_hal_ctimer.o 
arm-atollic-eabi-gcc -c ..\..\am_hal_cachectrl.c -mthumb -mcpu=cortex-m4 -std=c99 -DAM_DEBUG_ASSERT -DAM_ASSERT_INVALID_THRESHOLD=0 -DAM_PART_APOLLO2 -IC:/jenkins/jobs/ambiqsuite-checkout/workspace/mcu/apollo2/hal/atollic_gcc/../../../../mcu/apollo2 -IC:/jenkins/jobs/ambiqsuite-checkout/workspace/mcu/apollo2/hal/atollic_gcc/../../../../utils -O3 -ffunction-sections -fdata-sections -g -Wall -mthumb -mcpu=cortex-m4 -mfpu=fpv4-sp-d16 -mfloat-abi=softfp -ffunction-sections -fdata-sections -MMD -MP -O3 -funroll-loops -o source_files\am_hal_cachectrl.o 
arm-atollic-eabi-gcc -c ..\..\am_hal_sysctrl.c -mthumb -mcpu=cortex-m4 -std=c99 -DAM_DEBUG_ASSERT -DAM_ASSERT_INVALID_THRESHOLD=0 -DAM_PART_APOLLO2 -IC:/jenkins/jobs/ambiqsuite-checkout/workspace/mcu/apollo2/hal/atollic_gcc/../../../../mcu/apollo2 -IC:/jenkins/jobs/ambiqsuite-checkout/workspace/mcu/apollo2/hal/atollic_gcc/../../../../utils -O3 -ffunction-sections -fdata-sections -g -Wall -mthumb -mcpu=cortex-m4 -mfpu=fpv4-sp-d16 -mfloat-abi=softfp -ffunction-sections -fdata-sections -MMD -MP -O3 -funroll-loops -o source_files\am_hal_sysctrl.o 
arm-atollic-eabi-gcc -c ..\..\am_hal_gpio.c -mthumb -mcpu=cortex-m4 -std=c99 -DAM_DEBUG_ASSERT -DAM_ASSERT_INVALID_THRESHOLD=0 -DAM_PART_APOLLO2 -IC:/jenkins/jobs/ambiqsuite-checkout/workspace/mcu/apollo2/hal/atollic_gcc/../../../../mcu/apollo2 -IC:/jenkins/jobs/ambiqsuite-checkout/workspace/mcu/apollo2/hal/atollic_gcc/../../../../utils -O3 -ffunction-sections -fdata-sections -g -Wall -mthumb -mcpu=cortex-m4 -mfpu=fpv4-sp-d16 -mfloat-abi=softfp -ffunction-sections -fdata-sections -MMD -MP -O3 -funroll-loops -o source_files\am_hal_gpio.o 
arm-atollic-eabi-gcc -c ..\..\am_hal_pdm.c -mthumb -mcpu=cortex-m4 -std=c99 -DAM_DEBUG_ASSERT -DAM_ASSERT_INVALID_THRESHOLD=0 -DAM_PART_APOLLO2 -IC:/jenkins/jobs/ambiqsuite-checkout/workspace/mcu/apollo2/hal/atollic_gcc/../../../../mcu/apollo2 -IC:/jenkins/jobs/ambiqsuite-checkout/workspace/mcu/apollo2/hal/atollic_gcc/../../../../utils -O3 -ffunction-sections -fdata-sections -g -Wall -mthumb -mcpu=cortex-m4 -mfpu=fpv4-sp-d16 -mfloat-abi=softfp -ffunction-sections -fdata-sections -MMD -MP -O3 -funroll-loops -o source_files\am_hal_pdm.o 
arm-atollic-eabi-gcc -c ..\..\am_hal_uart.c -mthumb -mcpu=cortex-m4 -std=c99 -DAM_DEBUG_ASSERT -DAM_ASSERT_INVALID_THRESHOLD=0 -DAM_PART_APOLLO2 -IC:/jenkins/jobs/ambiqsuite-checkout/workspace/mcu/apollo2/hal/atollic_gcc/../../../../mcu/apollo2 -IC:/jenkins/jobs/ambiqsuite-checkout/workspace/mcu/apollo2/hal/atollic_gcc/../../../../utils -O3 -ffunction-sections -fdata-sections -g -Wall -mthumb -mcpu=cortex-m4 -mfpu=fpv4-sp-d16 -mfloat-abi=softfp -ffunction-sections -fdata-sections -MMD -MP -O3 -funroll-loops -o source_files\am_hal_uart.o 
arm-atollic-eabi-gcc -c ..\..\am_hal_i2c_bit_bang.c -mthumb -mcpu=cortex-m4 -std=c99 -DAM_DEBUG_ASSERT -DAM_ASSERT_INVALID_THRESHOLD=0 -DAM_PART_APOLLO2 -IC:/jenkins/jobs/ambiqsuite-checkout/workspace/mcu/apollo2/hal/atollic_gcc/../../../../mcu/apollo2 -IC:/jenkins/jobs/ambiqsuite-checkout/workspace/mcu/apollo2/hal/atollic_gcc/../../../../utils -O3 -ffunction-sections -fdata-sections -g -Wall -mthumb -mcpu=cortex-m4 -mfpu=fpv4-sp-d16 -mfloat-abi=softfp -ffunction-sections -fdata-sections -MMD -MP -O3 -funroll-loops -o source_files\am_hal_i2c_bit_bang.o 
arm-atollic-eabi-gcc -c ..\..\am_hal_systick.c -mthumb -mcpu=cortex-m4 -std=c99 -DAM_DEBUG_ASSERT -DAM_ASSERT_INVALID_THRESHOLD=0 -DAM_PART_APOLLO2 -IC:/jenkins/jobs/ambiqsuite-checkout/workspace/mcu/apollo2/hal/atollic_gcc/../../../../mcu/apollo2 -IC:/jenkins/jobs/ambiqsuite-checkout/workspace/mcu/apollo2/hal/atollic_gcc/../../../../utils -O3 -ffunction-sections -fdata-sections -g -Wall -mthumb -mcpu=cortex-m4 -mfpu=fpv4-sp-d16 -mfloat-abi=softfp -ffunction-sections -fdata-sections -MMD -MP -O3 -funroll-loops -o source_files\am_hal_systick.o 
arm-atollic-eabi-gcc -c ..\..\am_hal_stimer.c -mthumb -mcpu=cortex-m4 -std=c99 -DAM_DEBUG_ASSERT -DAM_ASSERT_INVALID_THRESHOLD=0 -DAM_PART_APOLLO2 -IC:/jenkins/jobs/ambiqsuite-checkout/workspace/mcu/apollo2/hal/atollic_gcc/../../../../mcu/apollo2 -IC:/jenkins/jobs/ambiqsuite-checkout/workspace/mcu/apollo2/hal/atollic_gcc/../../../../utils -O3 -ffunction-sections -fdata-sections -g -Wall -mthumb -mcpu=cortex-m4 -mfpu=fpv4-sp-d16 -mfloat-abi=softfp -ffunction-sections -fdata-sections -MMD -MP -O3 -funroll-loops -o source_files\am_hal_stimer.o 
arm-atollic-eabi-gcc -c ..\..\am_hal_rtc.c -mthumb -mcpu=cortex-m4 -std=c99 -DAM_DEBUG_ASSERT -DAM_ASSERT_INVALID_THRESHOLD=0 -DAM_PART_APOLLO2 -IC:/jenkins/jobs/ambiqsuite-checkout/workspace/mcu/apollo2/hal/atollic_gcc/../../../../mcu/apollo2 -IC:/jenkins/jobs/ambiqsuite-checkout/workspace/mcu/apollo2/hal/atollic_gcc/../../../../utils -O3 -ffunction-sections -fdata-sections -g -Wall -mthumb -mcpu=cortex-m4 -mfpu=fpv4-sp-d16 -mfloat-abi=softfp -ffunction-sections -fdata-sections -MMD -MP -O3 -funroll-loops -o source_files\am_hal_rtc.o 
arm-atollic-eabi-gcc -c ..\..\am_hal_interrupt.c -mthumb -mcpu=cortex-m4 -std=c99 -DAM_DEBUG_ASSERT -DAM_ASSERT_INVALID_THRESHOLD=0 -DAM_PART_APOLLO2 -IC:/jenkins/jobs/ambiqsuite-checkout/workspace/mcu/apollo2/hal/atollic_gcc/../../../../mcu/apollo2 -IC:/jenkins/jobs/ambiqsuite-checkout/workspace/mcu/apollo2/hal/atollic_gcc/../../../../utils -O3 -ffunction-sections -fdata-sections -g -Wall -mthumb -mcpu=cortex-m4 -mfpu=fpv4-sp-d16 -mfloat-abi=softfp -ffunction-sections -fdata-sections -MMD -MP -O3 -funroll-loops -o source_files\am_hal_interrupt.o 
arm-atollic-eabi-gcc -c ..\..\am_hal_iom.c -mthumb -mcpu=cortex-m4 -std=c99 -DAM_DEBUG_ASSERT -DAM_ASSERT_INVALID_THRESHOLD=0 -DAM_PART_APOLLO2 -IC:/jenkins/jobs/ambiqsuite-checkout/workspace/mcu/apollo2/hal/atollic_gcc/../../../../mcu/apollo2 -IC:/jenkins/jobs/ambiqsuite-checkout/workspace/mcu/apollo2/hal/atollic_gcc/../../../../utils -O3 -ffunction-sections -fdata-sections -g -Wall -mthumb -mcpu=cortex-m4 -mfpu=fpv4-sp-d16 -mfloat-abi=softfp -ffunction-sections -fdata-sections -MMD -MP -O3 -funroll-loops -o source_files\am_hal_iom.o 
arm-atollic-eabi-ar -rsvc libam_hal_gcc.a source_files\am_hal_adc.o source_files\am_hal_cachectrl.o source_files\am_hal_clkgen.o source_files\am_hal_ctimer.o source_files\am_hal_debug.o source_files\am_hal_flash.o source_files\am_hal_global.o source_files\am_hal_gpio.o source_files\am_hal_i2c_bit_bang.o source_files\am_hal_interrupt.o source_files\am_hal_iom.o source_files\am_hal_ios.o source_files\am_hal_itm.o source_files\am_hal_mcuctrl.o source_files\am_hal_otp.o source_files\am_hal_pdm.o source_files\am_hal_pwrctrl.o source_files\am_hal_queue.o source_files\am_hal_reset.o source_files\am_hal_rtc.o source_files\am_hal_stimer.o source_files\am_hal_sysctrl.o source_files\am_hal_systick.o source_files\am_hal_tpiu.o source_files\am_hal_ttp.o source_files\am_hal_uart.o source_files\am_hal_vcomp.o source_files\am_hal_wdt.o 
a - source_files\am_hal_adc.o
a - source_files\am_hal_cachectrl.o
a - source_files\am_hal_clkgen.o
a - source_files\am_hal_ctimer.o
a - source_files\am_hal_debug.o
a - source_files\am_hal_flash.o
a - source_files\am_hal_global.o
a - source_files\am_hal_gpio.o
a - source_files\am_hal_i2c_bit_bang.o
a - source_files\am_hal_interrupt.o
a - source_files\am_hal_iom.o
a - source_files\am_hal_ios.o
a - source_files\am_hal_itm.o
a - source_files\am_hal_mcuctrl.o
a - source_files\am_hal_otp.o
a - source_files\am_hal_pdm.o
a - source_files\am_hal_pwrctrl.o
a - source_files\am_hal_queue.o
a - source_files\am_hal_reset.o
a - source_files\am_hal_rtc.o
a - source_files\am_hal_stimer.o
a - source_files\am_hal_sysctrl.o
a - source_files\am_hal_systick.o
a - source_files\am_hal_tpiu.o
a - source_files\am_hal_ttp.o
a - source_files\am_hal_uart.o
a - source_files\am_hal_vcomp.o
a - source_files\am_hal_wdt.o
Info: Parallel threads used: 4

21:23:36 Build Finished (took 5s.570ms)

